2026-05-14 11:27:45 | INFO     | ============================================================
2026-05-14 11:27:45 | INFO     | TENBID - Advanced Scalping System Starting...
2026-05-14 11:27:45 | INFO     | Mode: TESTNET
2026-05-14 11:27:45 | INFO     | Symbol: DOGEUSDT
2026-05-14 11:27:45 | INFO     | Initial Balance: 200.0 USDT
2026-05-14 11:27:45 | INFO     | ============================================================
2026-05-14 11:27:45 | INFO     | Connected to Binance API
2026-05-14 11:27:45 | INFO     | Warming up with 300 candles...
2026-05-14 11:27:45 | INFO     | Loaded 300 base candles
2026-05-14 11:27:45 | INFO     | Built 7 synthetic timeframes
2026-05-14 11:27:45 | INFO     | [CYCLE_1] HOLD | Confidence: 0.638 < 0.715
2026-05-14 11:27:45 | DEBUG    | Shadow analysis saved for forbidden trade
2026-05-14 11:28:15 | INFO     | [CYCLE_2] HOLD | Confidence: 0.639 < 0.715
2026-05-14 11:28:15 | DEBUG    | Shadow analysis saved for forbidden trade
2026-05-14 11:28:45 | INFO     | [CYCLE_3] HOLD | Confidence: 0.639 < 0.715
2026-05-14 11:28:45 | DEBUG    | Shadow analysis saved for forbidden trade
2026-05-14 11:29:15 | INFO     | [CYCLE_4] HOLD | Confidence: 0.639 < 0.715
2026-05-14 11:29:15 | DEBUG    | Shadow analysis saved for forbidden trade
2026-05-14 11:29:46 | INFO     | [CYCLE_5] HOLD | Confidence: 0.640 < 0.715
2026-05-14 11:29:46 | DEBUG    | Shadow analysis saved for forbidden trade
2026-05-14 11:30:16 | INFO     | [CYCLE_6] HOLD | Confidence: 0.630 < 0.714
2026-05-14 11:30:16 | DEBUG    | Shadow analysis saved for forbidden trade
2026-05-14 11:30:46 | INFO     | [CYCLE_7] HOLD | Confidence: 0.630 < 0.714
2026-05-14 11:30:46 | DEBUG    | Shadow analysis saved for forbidden trade
2026-05-14 11:31:16 | INFO     | [CYCLE_8] HOLD | Confidence: 0.630 < 0.714
2026-05-14 11:31:16 | DEBUG    | Shadow analysis saved for forbidden trade
2026-05-14 11:31:46 | INFO     | [CYCLE_9] HOLD | Confidence: 0.630 < 0.714
2026-05-14 11:31:46 | DEBUG    | Shadow analysis saved for forbidden trade
2026-05-14 11:32:16 | INFO     | [CYCLE_10] HOLD | Confidence: 0.630 < 0.714
2026-05-14 11:32:16 | DEBUG    | Shadow analysis saved for forbidden trade
2026-05-14 11:32:47 | INFO     | [CYCLE_11] HOLD | Confidence: 0.632 < 0.715
2026-05-14 11:32:47 | DEBUG    | Shadow analysis saved for forbidden trade
2026-05-14 11:32:47 | INFO     | 
============================================================
2026-05-14 11:32:47 | INFO     | PERIODIC REPORT
2026-05-14 11:32:47 | INFO     | ============================================================
2026-05-14 11:32:47 | INFO     | Balance: 200.00 USDT (Start: 200.00)
2026-05-14 11:32:47 | INFO     | PnL: 0.00 USDT (0.00%)
2026-05-14 11:32:47 | INFO     | Projected Monthly PnL: 0.0%
2026-05-14 11:32:47 | INFO     | Total Signals: 11
2026-05-14 11:32:47 | INFO     | Open Decisions: 0
2026-05-14 11:32:47 | INFO     | Hold Decisions: 11
2026-05-14 11:32:47 | INFO     | Total Trades: 0
2026-05-14 11:32:47 | INFO     | Winning Trades: 0
2026-05-14 11:32:47 | INFO     | Losing Trades: 0
2026-05-14 11:32:47 | INFO     | Winrate: 0.0%
2026-05-14 11:32:47 | INFO     | Shadow Winrate: 100.0%
2026-05-14 11:32:47 | INFO     | Avg Trade PnL: N/A
2026-05-14 11:32:47 | INFO     | ============================================================

2026-05-14 11:33:17 | INFO     | [CYCLE_12] HOLD | Confidence: 0.633 < 0.715
2026-05-14 11:33:17 | DEBUG    | Shadow analysis saved for forbidden trade
2026-05-14 11:33:47 | INFO     | [CYCLE_13] HOLD | Confidence: 0.633 < 0.715
2026-05-14 11:33:47 | DEBUG    | Shadow analysis saved for forbidden trade
2026-05-14 11:34:17 | INFO     | [CYCLE_14] HOLD | Confidence: 0.634 < 0.715
2026-05-14 11:34:17 | DEBUG    | Shadow analysis saved for forbidden trade
2026-05-14 11:34:47 | INFO     | [CYCLE_15] HOLD | Confidence: 0.634 < 0.715
2026-05-14 11:34:47 | DEBUG    | Shadow analysis saved for forbidden trade
2026-05-14 11:35:17 | INFO     | [CYCLE_16] HOLD | Confidence: 0.631 < 0.715
2026-05-14 11:35:17 | DEBUG    | Shadow analysis saved for forbidden trade
2026-05-14 11:35:48 | INFO     | [CYCLE_17] HOLD | Confidence: 0.632 < 0.715
2026-05-14 11:35:48 | DEBUG    | Shadow analysis saved for forbidden trade
2026-05-14 11:36:18 | INFO     | [CYCLE_18] HOLD | Confidence: 0.635 < 0.715
2026-05-14 11:36:18 | DEBUG    | Shadow analysis saved for forbidden trade
2026-05-14 11:36:48 | INFO     | [CYCLE_19] HOLD | Confidence: 0.635 < 0.715
2026-05-14 11:36:48 | DEBUG    | Shadow analysis saved for forbidden trade
2026-05-14 11:37:18 | INFO     | [CYCLE_20] HOLD | Confidence: 0.639 < 0.715
2026-05-14 11:37:18 | DEBUG    | Shadow analysis saved for forbidden trade
2026-05-14 11:37:48 | INFO     | [CYCLE_21] HOLD | Confidence: 0.644 < 0.715
2026-05-14 11:37:48 | DEBUG    | Shadow analysis saved for forbidden trade
2026-05-14 11:37:48 | INFO     | 
============================================================
2026-05-14 11:37:48 | INFO     | PERIODIC REPORT
2026-05-14 11:37:48 | INFO     | ============================================================
2026-05-14 11:37:48 | INFO     | Balance: 200.00 USDT (Start: 200.00)
2026-05-14 11:37:48 | INFO     | PnL: 0.00 USDT (0.00%)
2026-05-14 11:37:48 | INFO     | Projected Monthly PnL: 0.0%
2026-05-14 11:37:48 | INFO     | Total Signals: 21
2026-05-14 11:37:48 | INFO     | Open Decisions: 0
2026-05-14 11:37:48 | INFO     | Hold Decisions: 21
2026-05-14 11:37:48 | INFO     | Total Trades: 0
2026-05-14 11:37:48 | INFO     | Winning Trades: 0
2026-05-14 11:37:48 | INFO     | Losing Trades: 0
2026-05-14 11:37:48 | INFO     | Winrate: 0.0%
2026-05-14 11:37:48 | INFO     | Shadow Winrate: 100.0%
2026-05-14 11:37:48 | INFO     | Avg Trade PnL: N/A
2026-05-14 11:37:48 | INFO     | ============================================================

2026-05-14 11:38:18 | INFO     | [CYCLE_22] HOLD | Confidence: 0.644 < 0.715
2026-05-14 11:38:18 | DEBUG    | Shadow analysis saved for forbidden trade
2026-05-14 11:38:49 | INFO     | [CYCLE_23] HOLD | Confidence: 0.644 < 0.715
2026-05-14 11:38:49 | DEBUG    | Shadow analysis saved for forbidden trade
2026-05-14 11:39:19 | INFO     | [CYCLE_24] HOLD | Confidence: 0.646 < 0.715
2026-05-14 11:39:19 | DEBUG    | Shadow analysis saved for forbidden trade
2026-05-14 11:39:49 | INFO     | [CYCLE_25] HOLD | Confidence: 0.650 < 0.715
2026-05-14 11:39:49 | DEBUG    | Shadow analysis saved for forbidden trade
2026-05-14 11:40:19 | INFO     | [CYCLE_26] HOLD | Confidence: 0.640 < 0.714
2026-05-14 11:40:19 | DEBUG    | Shadow analysis saved for forbidden trade
2026-05-14 11:40:49 | INFO     | [CYCLE_27] HOLD | Confidence: 0.640 < 0.714
2026-05-14 11:40:49 | DEBUG    | Shadow analysis saved for forbidden trade
2026-05-14 11:41:20 | INFO     | [CYCLE_28] HOLD | Confidence: 0.640 < 0.714
2026-05-14 11:41:20 | DEBUG    | Shadow analysis saved for forbidden trade
2026-05-14 11:41:50 | INFO     | [CYCLE_29] HOLD | Confidence: 0.640 < 0.714
2026-05-14 11:41:50 | DEBUG    | Shadow analysis saved for forbidden trade
2026-05-14 11:42:20 | INFO     | [CYCLE_30] HOLD | Confidence: 0.640 < 0.714
2026-05-14 11:42:20 | DEBUG    | Shadow analysis saved for forbidden trade
2026-05-14 11:42:50 | INFO     | [CYCLE_31] HOLD | Confidence: 0.640 < 0.714
2026-05-14 11:42:50 | DEBUG    | Shadow analysis saved for forbidden trade
2026-05-14 11:42:50 | INFO     | 
============================================================
2026-05-14 11:42:50 | INFO     | PERIODIC REPORT
2026-05-14 11:42:50 | INFO     | ============================================================
2026-05-14 11:42:50 | INFO     | Balance: 200.00 USDT (Start: 200.00)
2026-05-14 11:42:50 | INFO     | PnL: 0.00 USDT (0.00%)
2026-05-14 11:42:50 | INFO     | Projected Monthly PnL: 0.0%
2026-05-14 11:42:50 | INFO     | Total Signals: 31
2026-05-14 11:42:50 | INFO     | Open Decisions: 0
2026-05-14 11:42:50 | INFO     | Hold Decisions: 31
2026-05-14 11:42:50 | INFO     | Total Trades: 0
2026-05-14 11:42:50 | INFO     | Winning Trades: 0
2026-05-14 11:42:50 | INFO     | Losing Trades: 0
2026-05-14 11:42:50 | INFO     | Winrate: 0.0%
2026-05-14 11:42:50 | INFO     | Shadow Winrate: 100.0%
2026-05-14 11:42:50 | INFO     | Avg Trade PnL: N/A
2026-05-14 11:42:50 | INFO     | ============================================================

2026-05-14 11:43:20 | INFO     | [CYCLE_32] HOLD | Confidence: 0.641 < 0.715
2026-05-14 11:43:20 | DEBUG    | Shadow analysis saved for forbidden trade
2026-05-14 11:43:50 | INFO     | [CYCLE_33] HOLD | Confidence: 0.641 < 0.715
2026-05-14 11:43:50 | DEBUG    | Shadow analysis saved for forbidden trade
2026-05-14 11:44:20 | INFO     | [CYCLE_34] HOLD | Confidence: 0.642 < 0.715
2026-05-14 11:44:20 | DEBUG    | Shadow analysis saved for forbidden trade
2026-05-14 11:44:51 | INFO     | [CYCLE_35] HOLD | Confidence: 0.650 < 0.715
2026-05-14 11:44:51 | DEBUG    | Shadow analysis saved for forbidden trade
2026-05-14 11:45:21 | INFO     | [CYCLE_36] HOLD | Confidence: 0.651 < 0.714
2026-05-14 11:45:21 | DEBUG    | Shadow analysis saved for forbidden trade
2026-05-14 11:45:51 | INFO     | [CYCLE_37] HOLD | Confidence: 0.652 < 0.714
2026-05-14 11:45:51 | DEBUG    | Shadow analysis saved for forbidden trade
2026-05-14 11:46:21 | INFO     | [CYCLE_38] HOLD | Confidence: 0.652 < 0.714
2026-05-14 11:46:21 | DEBUG    | Shadow analysis saved for forbidden trade
2026-05-14 11:46:51 | INFO     | [CYCLE_39] HOLD | Confidence: 0.653 < 0.714
2026-05-14 11:46:51 | DEBUG    | Shadow analysis saved for forbidden trade
2026-05-14 11:47:21 | INFO     | [CYCLE_40] HOLD | Confidence: 0.653 < 0.714
2026-05-14 11:47:21 | DEBUG    | Shadow analysis saved for forbidden trade
2026-05-14 11:47:52 | INFO     | [CYCLE_41] HOLD | Confidence: 0.653 < 0.714
2026-05-14 11:47:52 | DEBUG    | Shadow analysis saved for forbidden trade
2026-05-14 11:47:52 | INFO     | 
============================================================
2026-05-14 11:47:52 | INFO     | PERIODIC REPORT
2026-05-14 11:47:52 | INFO     | ============================================================
2026-05-14 11:47:52 | INFO     | Balance: 200.00 USDT (Start: 200.00)
2026-05-14 11:47:52 | INFO     | PnL: 0.00 USDT (0.00%)
2026-05-14 11:47:52 | INFO     | Projected Monthly PnL: 0.0%
2026-05-14 11:47:52 | INFO     | Total Signals: 41
2026-05-14 11:47:52 | INFO     | Open Decisions: 0
2026-05-14 11:47:52 | INFO     | Hold Decisions: 41
2026-05-14 11:47:52 | INFO     | Total Trades: 0
2026-05-14 11:47:52 | INFO     | Winning Trades: 0
2026-05-14 11:47:52 | INFO     | Losing Trades: 0
2026-05-14 11:47:52 | INFO     | Winrate: 0.0%
2026-05-14 11:47:52 | INFO     | Shadow Winrate: 100.0%
2026-05-14 11:47:52 | INFO     | Avg Trade PnL: N/A
2026-05-14 11:47:52 | INFO     | ============================================================

2026-05-14 11:48:22 | INFO     | [CYCLE_42] HOLD | Confidence: 0.654 < 0.714
2026-05-14 11:48:22 | DEBUG    | Shadow analysis saved for forbidden trade
2026-05-14 11:48:52 | INFO     | [CYCLE_43] HOLD | Confidence: 0.654 < 0.714
2026-05-14 11:48:52 | DEBUG    | Shadow analysis saved for forbidden trade
2026-05-14 11:49:22 | INFO     | [CYCLE_44] HOLD | Confidence: 0.655 < 0.715
2026-05-14 11:49:22 | DEBUG    | Shadow analysis saved for forbidden trade
2026-05-14 11:49:52 | INFO     | [CYCLE_45] HOLD | Confidence: 0.655 < 0.715
2026-05-14 11:49:52 | DEBUG    | Shadow analysis saved for forbidden trade
2026-05-14 11:50:23 | INFO     | [CYCLE_46] HOLD | Confidence: 0.604 < 0.714
2026-05-14 11:50:23 | DEBUG    | Shadow analysis saved for forbidden trade
2026-05-14 11:50:53 | INFO     | [CYCLE_47] HOLD | Confidence: 0.604 < 0.714
2026-05-14 11:50:53 | DEBUG    | Shadow analysis saved for forbidden trade
2026-05-14 11:51:23 | INFO     | [CYCLE_48] HOLD | Confidence: 0.606 < 0.714
2026-05-14 11:51:23 | DEBUG    | Shadow analysis saved for forbidden trade
2026-05-14 11:51:53 | INFO     | [CYCLE_49] HOLD | Confidence: 0.606 < 0.714
2026-05-14 11:51:53 | DEBUG    | Shadow analysis saved for forbidden trade
2026-05-14 11:52:23 | INFO     | [CYCLE_50] HOLD | Confidence: 0.607 < 0.714
2026-05-14 11:52:23 | DEBUG    | Shadow analysis saved for forbidden trade
2026-05-14 11:52:54 | INFO     | [CYCLE_51] HOLD | Confidence: 0.607 < 0.714
2026-05-14 11:52:54 | DEBUG    | Shadow analysis saved for forbidden trade
2026-05-14 11:52:54 | INFO     | 
============================================================
2026-05-14 11:52:54 | INFO     | PERIODIC REPORT
2026-05-14 11:52:54 | INFO     | ============================================================
2026-05-14 11:52:54 | INFO     | Balance: 200.00 USDT (Start: 200.00)
2026-05-14 11:52:54 | INFO     | PnL: 0.00 USDT (0.00%)
2026-05-14 11:52:54 | INFO     | Projected Monthly PnL: 0.0%
2026-05-14 11:52:54 | INFO     | Total Signals: 51
2026-05-14 11:52:54 | INFO     | Open Decisions: 0
2026-05-14 11:52:54 | INFO     | Hold Decisions: 51
2026-05-14 11:52:54 | INFO     | Total Trades: 0
2026-05-14 11:52:54 | INFO     | Winning Trades: 0
2026-05-14 11:52:54 | INFO     | Losing Trades: 0
2026-05-14 11:52:54 | INFO     | Winrate: 0.0%
2026-05-14 11:52:54 | INFO     | Shadow Winrate: 100.0%
2026-05-14 11:52:54 | INFO     | Avg Trade PnL: N/A
2026-05-14 11:52:54 | INFO     | ============================================================

2026-05-14 11:53:24 | INFO     | [CYCLE_52] HOLD | Confidence: 0.607 < 0.714
2026-05-14 11:53:24 | DEBUG    | Shadow analysis saved for forbidden trade
2026-05-14 11:53:54 | INFO     | [CYCLE_53] HOLD | Confidence: 0.609 < 0.714
2026-05-14 11:53:54 | DEBUG    | Shadow analysis saved for forbidden trade
2026-05-14 11:54:24 | INFO     | [CYCLE_54] HOLD | Confidence: 0.609 < 0.714
2026-05-14 11:54:24 | DEBUG    | Shadow analysis saved for forbidden trade
2026-05-14 11:54:54 | INFO     | [CYCLE_55] HOLD | Confidence: 0.609 < 0.714
2026-05-14 11:54:54 | DEBUG    | Shadow analysis saved for forbidden trade
2026-05-14 11:55:24 | INFO     | [CYCLE_56] HOLD | Confidence: 0.606 < 0.714
2026-05-14 11:55:24 | DEBUG    | Shadow analysis saved for forbidden trade
2026-05-14 11:55:55 | INFO     | [CYCLE_57] HOLD | Confidence: 0.606 < 0.714
2026-05-14 11:55:55 | DEBUG    | Shadow analysis saved for forbidden trade
2026-05-14 11:56:25 | INFO     | [CYCLE_58] HOLD | Confidence: 0.607 < 0.714
2026-05-14 11:56:25 | DEBUG    | Shadow analysis saved for forbidden trade
2026-05-14 11:56:55 | INFO     | [CYCLE_59] HOLD | Confidence: 0.607 < 0.714
2026-05-14 11:56:55 | DEBUG    | Shadow analysis saved for forbidden trade
2026-05-14 11:56:55 | ERROR    | Critical error: attempt to write a readonly database
Traceback (most recent call last):
  File "/workspace/TENBID/main.py", line 125, in main
    db.log_signal(signal_data)
  File "/workspace/TENBID/core/history_db.py", line 76, in log_signal
    cursor.execute('''
sqlite3.OperationalError: attempt to write a readonly database
2026-05-14 11:56:55 | INFO     | 
============================================================
2026-05-14 11:56:55 | INFO     | FINAL SESSION REPORT
2026-05-14 11:56:55 | INFO     | ============================================================
2026-05-14 11:56:55 | INFO     | Balance: 200.00 USDT (Start: 200.00)
2026-05-14 11:56:55 | INFO     | PnL: 0.00 USDT (0.00%)
2026-05-14 11:56:55 | INFO     | Projected Monthly PnL: 0.0%
2026-05-14 11:56:55 | INFO     | Total Signals: 58
2026-05-14 11:56:55 | INFO     | Open Decisions: 0
2026-05-14 11:56:55 | INFO     | Hold Decisions: 58
2026-05-14 11:56:55 | INFO     | Total Trades: 0
2026-05-14 11:56:55 | INFO     | Winning Trades: 0
2026-05-14 11:56:55 | INFO     | Losing Trades: 0
2026-05-14 11:56:55 | INFO     | Winrate: 0.0%
2026-05-14 11:56:55 | INFO     | Shadow Winrate: 100.0%
2026-05-14 11:56:55 | INFO     | Avg Trade PnL: N/A
2026-05-14 11:56:55 | INFO     | ============================================================
2026-05-14 11:56:55 | INFO     | TENBID shutdown complete
2026-05-14 11:57:18 | INFO     | ============================================================
2026-05-14 11:57:18 | INFO     | TENBID - Advanced Scalping System Starting...
2026-05-14 11:57:18 | INFO     | Mode: TESTNET
2026-05-14 11:57:18 | INFO     | Symbol: DOGEUSDT
2026-05-14 11:57:18 | INFO     | Initial Balance: 200.0 USDT
2026-05-14 11:57:18 | INFO     | ============================================================
2026-05-14 11:57:18 | INFO     | Connected to Binance API
2026-05-14 11:57:18 | INFO     | Warming up with 300 candles...
2026-05-14 11:57:18 | INFO     | Loaded 300 base candles
2026-05-14 11:57:19 | INFO     | Built 7 synthetic timeframes
2026-05-14 11:57:19 | INFO     | [CYCLE_1] HOLD | Confidence: 0.607 < 0.714
2026-05-14 11:57:19 | DEBUG    | Shadow analysis saved for forbidden trade
2026-05-14 11:57:49 | INFO     | [CYCLE_2] HOLD | Confidence: 0.608 < 0.714
2026-05-14 11:57:49 | DEBUG    | Shadow analysis saved for forbidden trade
2026-05-14 11:58:19 | INFO     | [CYCLE_3] HOLD | Confidence: 0.608 < 0.714
2026-05-14 11:58:19 | DEBUG    | Shadow analysis saved for forbidden trade
2026-05-14 11:58:49 | INFO     | [CYCLE_4] HOLD | Confidence: 0.608 < 0.714
2026-05-14 11:58:49 | DEBUG    | Shadow analysis saved for forbidden trade
2026-05-14 11:59:19 | INFO     | [CYCLE_5] HOLD | Confidence: 0.608 < 0.714
2026-05-14 11:59:19 | DEBUG    | Shadow analysis saved for forbidden trade
2026-05-14 11:59:50 | INFO     | [CYCLE_6] HOLD | Confidence: 0.609 < 0.714
2026-05-14 11:59:50 | DEBUG    | Shadow analysis saved for forbidden trade
2026-05-14 12:00:20 | INFO     | [CYCLE_7] HOLD | Confidence: 0.609 < 0.712
2026-05-14 12:00:20 | DEBUG    | Shadow analysis saved for forbidden trade
2026-05-14 12:00:50 | INFO     | [CYCLE_8] HOLD | Confidence: 0.610 < 0.712
2026-05-14 12:00:50 | DEBUG    | Shadow analysis saved for forbidden trade
2026-05-14 12:01:20 | INFO     | [CYCLE_9] HOLD | Confidence: 0.611 < 0.712
2026-05-14 12:01:20 | DEBUG    | Shadow analysis saved for forbidden trade
2026-05-14 12:01:50 | INFO     | [CYCLE_10] HOLD | Confidence: 0.612 < 0.712
2026-05-14 12:01:50 | DEBUG    | Shadow analysis saved for forbidden trade
2026-05-14 12:02:20 | INFO     | [CYCLE_11] HOLD | Confidence: 0.614 < 0.712
2026-05-14 12:02:20 | DEBUG    | Shadow analysis saved for forbidden trade
2026-05-14 12:02:20 | INFO     | 
============================================================
2026-05-14 12:02:20 | INFO     | PERIODIC REPORT
2026-05-14 12:02:20 | INFO     | ============================================================
2026-05-14 12:02:20 | INFO     | Balance: 200.00 USDT (Start: 200.00)
2026-05-14 12:02:20 | INFO     | PnL: 0.00 USDT (0.00%)
2026-05-14 12:02:20 | INFO     | Projected Monthly PnL: 0.0%
2026-05-14 12:02:20 | INFO     | Total Signals: 42
2026-05-14 12:02:20 | INFO     | Open Decisions: 0
2026-05-14 12:02:20 | INFO     | Hold Decisions: 42
2026-05-14 12:02:20 | INFO     | Total Trades: 0
2026-05-14 12:02:20 | INFO     | Winning Trades: 0
2026-05-14 12:02:20 | INFO     | Losing Trades: 0
2026-05-14 12:02:20 | INFO     | Winrate: 0.0%
2026-05-14 12:02:20 | INFO     | Shadow Winrate: 100.0%
2026-05-14 12:02:20 | INFO     | Avg Trade PnL: N/A
2026-05-14 12:02:20 | INFO     | ============================================================

2026-05-14 12:02:51 | INFO     | [CYCLE_12] HOLD | Confidence: 0.615 < 0.712
2026-05-14 12:02:51 | DEBUG    | Shadow analysis saved for forbidden trade
2026-05-14 12:03:21 | INFO     | [CYCLE_13] HOLD | Confidence: 0.615 < 0.712
2026-05-14 12:03:21 | DEBUG    | Shadow analysis saved for forbidden trade
2026-05-14 12:03:51 | INFO     | [CYCLE_14] HOLD | Confidence: 0.615 < 0.712
2026-05-14 12:03:51 | DEBUG    | Shadow analysis saved for forbidden trade
2026-05-14 12:04:21 | INFO     | [CYCLE_15] HOLD | Confidence: 0.615 < 0.712
2026-05-14 12:04:21 | DEBUG    | Shadow analysis saved for forbidden trade
2026-05-14 12:04:51 | INFO     | [CYCLE_16] HOLD | Confidence: 0.616 < 0.712
2026-05-14 12:04:51 | DEBUG    | Shadow analysis saved for forbidden trade
2026-05-14 12:05:21 | INFO     | [CYCLE_17] HOLD | Confidence: 0.610 < 0.712
2026-05-14 12:05:21 | DEBUG    | Shadow analysis saved for forbidden trade
2026-05-14 12:05:52 | INFO     | [CYCLE_18] HOLD | Confidence: 0.611 < 0.712
2026-05-14 12:05:52 | DEBUG    | Shadow analysis saved for forbidden trade
2026-05-14 12:06:22 | INFO     | [CYCLE_19] HOLD | Confidence: 0.616 < 0.712
2026-05-14 12:06:22 | DEBUG    | Shadow analysis saved for forbidden trade
2026-05-14 12:06:52 | INFO     | [CYCLE_20] HOLD | Confidence: 0.616 < 0.712
2026-05-14 12:06:52 | DEBUG    | Shadow analysis saved for forbidden trade
2026-05-14 12:07:22 | INFO     | [CYCLE_21] HOLD | Confidence: 0.619 < 0.712
2026-05-14 12:07:22 | DEBUG    | Shadow analysis saved for forbidden trade
2026-05-14 12:07:22 | INFO     | 
============================================================
2026-05-14 12:07:22 | INFO     | PERIODIC REPORT
2026-05-14 12:07:22 | INFO     | ============================================================
2026-05-14 12:07:22 | INFO     | Balance: 200.00 USDT (Start: 200.00)
2026-05-14 12:07:22 | INFO     | PnL: 0.00 USDT (0.00%)
2026-05-14 12:07:22 | INFO     | Projected Monthly PnL: 0.0%
2026-05-14 12:07:22 | INFO     | Total Signals: 52
2026-05-14 12:07:22 | INFO     | Open Decisions: 0
2026-05-14 12:07:22 | INFO     | Hold Decisions: 52
2026-05-14 12:07:22 | INFO     | Total Trades: 0
2026-05-14 12:07:22 | INFO     | Winning Trades: 0
2026-05-14 12:07:22 | INFO     | Losing Trades: 0
2026-05-14 12:07:22 | INFO     | Winrate: 0.0%
2026-05-14 12:07:22 | INFO     | Shadow Winrate: 100.0%
2026-05-14 12:07:22 | INFO     | Avg Trade PnL: N/A
2026-05-14 12:07:22 | INFO     | ============================================================

2026-05-14 12:07:52 | INFO     | [CYCLE_22] HOLD | Confidence: 0.620 < 0.713
2026-05-14 12:07:52 | DEBUG    | Shadow analysis saved for forbidden trade
2026-05-14 12:08:22 | INFO     | [CYCLE_23] HOLD | Confidence: 0.621 < 0.713
2026-05-14 12:08:22 | DEBUG    | Shadow analysis saved for forbidden trade
2026-05-14 12:08:53 | INFO     | [CYCLE_24] HOLD | Confidence: 0.621 < 0.713
2026-05-14 12:08:53 | DEBUG    | Shadow analysis saved for forbidden trade
2026-05-14 12:09:23 | INFO     | [CYCLE_25] HOLD | Confidence: 0.622 < 0.713
2026-05-14 12:09:23 | DEBUG    | Shadow analysis saved for forbidden trade
2026-05-14 12:09:53 | INFO     | [CYCLE_26] HOLD | Confidence: 0.622 < 0.713
2026-05-14 12:09:53 | DEBUG    | Shadow analysis saved for forbidden trade
2026-05-14 12:10:23 | INFO     | [CYCLE_27] HOLD | Confidence: 0.607 < 0.712
2026-05-14 12:10:23 | DEBUG    | Shadow analysis saved for forbidden trade
2026-05-14 12:10:53 | INFO     | [CYCLE_28] HOLD | Confidence: 0.608 < 0.712
2026-05-14 12:10:53 | DEBUG    | Shadow analysis saved for forbidden trade
2026-05-14 12:11:24 | INFO     | [CYCLE_29] HOLD | Confidence: 0.608 < 0.712
2026-05-14 12:11:24 | DEBUG    | Shadow analysis saved for forbidden trade
2026-05-14 12:11:54 | INFO     | [CYCLE_30] HOLD | Confidence: 0.608 < 0.712
2026-05-14 12:11:54 | DEBUG    | Shadow analysis saved for forbidden trade
2026-05-14 12:12:24 | INFO     | [CYCLE_31] HOLD | Confidence: 0.610 < 0.712
2026-05-14 12:12:24 | DEBUG    | Shadow analysis saved for forbidden trade
2026-05-14 12:12:24 | INFO     | 
============================================================
2026-05-14 12:12:24 | INFO     | PERIODIC REPORT
2026-05-14 12:12:24 | INFO     | ============================================================
2026-05-14 12:12:24 | INFO     | Balance: 200.00 USDT (Start: 200.00)
2026-05-14 12:12:24 | INFO     | PnL: 0.00 USDT (0.00%)
2026-05-14 12:12:24 | INFO     | Projected Monthly PnL: 0.0%
2026-05-14 12:12:24 | INFO     | Total Signals: 62
2026-05-14 12:12:24 | INFO     | Open Decisions: 0
2026-05-14 12:12:24 | INFO     | Hold Decisions: 62
2026-05-14 12:12:24 | INFO     | Total Trades: 0
2026-05-14 12:12:24 | INFO     | Winning Trades: 0
2026-05-14 12:12:24 | INFO     | Losing Trades: 0
2026-05-14 12:12:24 | INFO     | Winrate: 0.0%
2026-05-14 12:12:24 | INFO     | Shadow Winrate: 100.0%
2026-05-14 12:12:24 | INFO     | Avg Trade PnL: N/A
2026-05-14 12:12:24 | INFO     | ============================================================

2026-05-14 12:12:54 | INFO     | [CYCLE_32] HOLD | Confidence: 0.613 < 0.712
2026-05-14 12:12:54 | DEBUG    | Shadow analysis saved for forbidden trade
2026-05-14 12:13:24 | INFO     | [CYCLE_33] HOLD | Confidence: 0.614 < 0.712
2026-05-14 12:13:24 | DEBUG    | Shadow analysis saved for forbidden trade
2026-05-14 12:13:54 | INFO     | [CYCLE_34] HOLD | Confidence: 0.615 < 0.712
2026-05-14 12:13:54 | DEBUG    | Shadow analysis saved for forbidden trade
2026-05-14 12:14:25 | INFO     | [CYCLE_35] HOLD | Confidence: 0.615 < 0.712
2026-05-14 12:14:25 | DEBUG    | Shadow analysis saved for forbidden trade
2026-05-14 12:14:55 | INFO     | [CYCLE_36] HOLD | Confidence: 0.615 < 0.712
2026-05-14 12:14:55 | DEBUG    | Shadow analysis saved for forbidden trade
2026-05-14 12:15:25 | INFO     | [CYCLE_37] HOLD | Confidence: 0.610 < 0.712
2026-05-14 12:15:25 | DEBUG    | Shadow analysis saved for forbidden trade
2026-05-14 12:15:55 | INFO     | [CYCLE_38] HOLD | Confidence: 0.610 < 0.712
2026-05-14 12:15:55 | DEBUG    | Shadow analysis saved for forbidden trade
2026-05-14 12:16:25 | INFO     | [CYCLE_39] HOLD | Confidence: 0.610 < 0.712
2026-05-14 12:16:25 | DEBUG    | Shadow analysis saved for forbidden trade
2026-05-14 12:16:55 | INFO     | [CYCLE_40] HOLD | Confidence: 0.610 < 0.712
2026-05-14 12:16:55 | DEBUG    | Shadow analysis saved for forbidden trade
2026-05-14 12:17:26 | INFO     | [CYCLE_41] HOLD | Confidence: 0.613 < 0.712
2026-05-14 12:17:26 | DEBUG    | Shadow analysis saved for forbidden trade
2026-05-14 12:17:26 | INFO     | 
============================================================
2026-05-14 12:17:26 | INFO     | PERIODIC REPORT
2026-05-14 12:17:26 | INFO     | ============================================================
2026-05-14 12:17:26 | INFO     | Balance: 200.00 USDT (Start: 200.00)
2026-05-14 12:17:26 | INFO     | PnL: 0.00 USDT (0.00%)
2026-05-14 12:17:26 | INFO     | Projected Monthly PnL: 0.0%
2026-05-14 12:17:26 | INFO     | Total Signals: 72
2026-05-14 12:17:26 | INFO     | Open Decisions: 0
2026-05-14 12:17:26 | INFO     | Hold Decisions: 72
2026-05-14 12:17:26 | INFO     | Total Trades: 0
2026-05-14 12:17:26 | INFO     | Winning Trades: 0
2026-05-14 12:17:26 | INFO     | Losing Trades: 0
2026-05-14 12:17:26 | INFO     | Winrate: 0.0%
2026-05-14 12:17:26 | INFO     | Shadow Winrate: 100.0%
2026-05-14 12:17:26 | INFO     | Avg Trade PnL: N/A
2026-05-14 12:17:26 | INFO     | ============================================================

2026-05-14 12:17:56 | INFO     | [CYCLE_42] HOLD | Confidence: 0.616 < 0.712
2026-05-14 12:17:56 | DEBUG    | Shadow analysis saved for forbidden trade
2026-05-14 12:18:26 | INFO     | [CYCLE_43] HOLD | Confidence: 0.618 < 0.712
2026-05-14 12:18:26 | DEBUG    | Shadow analysis saved for forbidden trade
2026-05-14 12:18:56 | INFO     | [CYCLE_44] HOLD | Confidence: 0.621 < 0.712
2026-05-14 12:18:56 | DEBUG    | Shadow analysis saved for forbidden trade
2026-05-14 12:19:26 | INFO     | [CYCLE_45] HOLD | Confidence: 0.621 < 0.712
2026-05-14 12:19:26 | DEBUG    | Shadow analysis saved for forbidden trade
2026-05-14 12:19:56 | INFO     | [CYCLE_46] HOLD | Confidence: 0.621 < 0.712
2026-05-14 12:19:56 | DEBUG    | Shadow analysis saved for forbidden trade
2026-05-14 12:20:27 | INFO     | [CYCLE_47] HOLD | Confidence: 0.607 < 0.712
2026-05-14 12:20:27 | DEBUG    | Shadow analysis saved for forbidden trade
2026-05-14 12:20:57 | INFO     | [CYCLE_48] HOLD | Confidence: 0.610 < 0.712
2026-05-14 12:20:57 | DEBUG    | Shadow analysis saved for forbidden trade
2026-05-14 12:21:27 | INFO     | [CYCLE_49] HOLD | Confidence: 0.611 < 0.712
2026-05-14 12:21:27 | DEBUG    | Shadow analysis saved for forbidden trade
2026-05-14 12:21:57 | INFO     | [CYCLE_50] HOLD | Confidence: 0.612 < 0.712
2026-05-14 12:21:57 | DEBUG    | Shadow analysis saved for forbidden trade
2026-05-14 12:22:27 | INFO     | [CYCLE_51] HOLD | Confidence: 0.612 < 0.712
2026-05-14 12:22:27 | DEBUG    | Shadow analysis saved for forbidden trade
2026-05-14 12:22:27 | INFO     | 
============================================================
2026-05-14 12:22:27 | INFO     | PERIODIC REPORT
2026-05-14 12:22:27 | INFO     | ============================================================
2026-05-14 12:22:27 | INFO     | Balance: 200.00 USDT (Start: 200.00)
2026-05-14 12:22:27 | INFO     | PnL: 0.00 USDT (0.00%)
2026-05-14 12:22:27 | INFO     | Projected Monthly PnL: 0.0%
2026-05-14 12:22:27 | INFO     | Total Signals: 82
2026-05-14 12:22:27 | INFO     | Open Decisions: 0
2026-05-14 12:22:27 | INFO     | Hold Decisions: 82
2026-05-14 12:22:27 | INFO     | Total Trades: 0
2026-05-14 12:22:27 | INFO     | Winning Trades: 0
2026-05-14 12:22:27 | INFO     | Losing Trades: 0
2026-05-14 12:22:27 | INFO     | Winrate: 0.0%
2026-05-14 12:22:27 | INFO     | Shadow Winrate: 100.0%
2026-05-14 12:22:27 | INFO     | Avg Trade PnL: N/A
2026-05-14 12:22:27 | INFO     | ============================================================

2026-05-14 12:22:58 | INFO     | [CYCLE_52] HOLD | Confidence: 0.613 < 0.712
2026-05-14 12:22:58 | DEBUG    | Shadow analysis saved for forbidden trade
2026-05-14 12:23:28 | INFO     | [CYCLE_53] HOLD | Confidence: 0.613 < 0.712
2026-05-14 12:23:28 | DEBUG    | Shadow analysis saved for forbidden trade
2026-05-14 12:23:58 | INFO     | [CYCLE_54] HOLD | Confidence: 0.614 < 0.712
2026-05-14 12:23:58 | DEBUG    | Shadow analysis saved for forbidden trade
2026-05-14 12:24:28 | INFO     | [CYCLE_55] HOLD | Confidence: 0.615 < 0.712
2026-05-14 12:24:28 | DEBUG    | Shadow analysis saved for forbidden trade
2026-05-14 12:24:58 | INFO     | [CYCLE_56] HOLD | Confidence: 0.615 < 0.712
2026-05-14 12:24:58 | DEBUG    | Shadow analysis saved for forbidden trade
2026-05-14 12:25:29 | INFO     | [CYCLE_57] HOLD | Confidence: 0.612 < 0.712
2026-05-14 12:25:29 | DEBUG    | Shadow analysis saved for forbidden trade
2026-05-14 12:25:59 | INFO     | [CYCLE_58] HOLD | Confidence: 0.612 < 0.712
2026-05-14 12:25:59 | DEBUG    | Shadow analysis saved for forbidden trade
2026-05-14 12:26:29 | INFO     | [CYCLE_59] HOLD | Confidence: 0.612 < 0.712
2026-05-14 12:26:29 | DEBUG    | Shadow analysis saved for forbidden trade
2026-05-14 12:26:59 | INFO     | [CYCLE_60] HOLD | Confidence: 0.612 < 0.712
2026-05-14 12:26:59 | DEBUG    | Shadow analysis saved for forbidden trade
2026-05-14 12:27:29 | INFO     | [CYCLE_61] HOLD | Confidence: 0.613 < 0.712
2026-05-14 12:27:29 | DEBUG    | Shadow analysis saved for forbidden trade
2026-05-14 12:27:29 | INFO     | 
============================================================
2026-05-14 12:27:29 | INFO     | PERIODIC REPORT
2026-05-14 12:27:29 | INFO     | ============================================================
2026-05-14 12:27:29 | INFO     | Balance: 200.00 USDT (Start: 200.00)
2026-05-14 12:27:29 | INFO     | PnL: 0.00 USDT (0.00%)
2026-05-14 12:27:29 | INFO     | Projected Monthly PnL: 0.0%
2026-05-14 12:27:29 | INFO     | Total Signals: 92
2026-05-14 12:27:29 | INFO     | Open Decisions: 0
2026-05-14 12:27:29 | INFO     | Hold Decisions: 92
2026-05-14 12:27:29 | INFO     | Total Trades: 0
2026-05-14 12:27:29 | INFO     | Winning Trades: 0
2026-05-14 12:27:29 | INFO     | Losing Trades: 0
2026-05-14 12:27:29 | INFO     | Winrate: 0.0%
2026-05-14 12:27:29 | INFO     | Shadow Winrate: 100.0%
2026-05-14 12:27:29 | INFO     | Avg Trade PnL: N/A
2026-05-14 12:27:29 | INFO     | ============================================================

2026-05-14 12:27:59 | INFO     | [CYCLE_62] HOLD | Confidence: 0.616 < 0.712
2026-05-14 12:27:59 | DEBUG    | Shadow analysis saved for forbidden trade
2026-05-14 12:28:30 | INFO     | [CYCLE_63] HOLD | Confidence: 0.616 < 0.712
2026-05-14 12:28:30 | DEBUG    | Shadow analysis saved for forbidden trade
2026-05-14 12:29:00 | INFO     | [CYCLE_64] HOLD | Confidence: 0.617 < 0.712
2026-05-14 12:29:00 | DEBUG    | Shadow analysis saved for forbidden trade
2026-05-14 12:29:30 | INFO     | [CYCLE_65] HOLD | Confidence: 0.617 < 0.712
2026-05-14 12:29:30 | DEBUG    | Shadow analysis saved for forbidden trade
2026-05-14 12:30:00 | INFO     | [CYCLE_66] HOLD | Confidence: 0.617 < 0.712
2026-05-14 12:30:00 | DEBUG    | Shadow analysis saved for forbidden trade
2026-05-14 12:30:30 | INFO     | [CYCLE_67] HOLD | Confidence: 0.608 < 0.711
2026-05-14 12:30:30 | DEBUG    | Shadow analysis saved for forbidden trade
2026-05-14 12:31:00 | INFO     | [CYCLE_68] HOLD | Confidence: 0.608 < 0.711
2026-05-14 12:31:00 | DEBUG    | Shadow analysis saved for forbidden trade
2026-05-14 12:31:31 | INFO     | [CYCLE_69] HOLD | Confidence: 0.608 < 0.711
2026-05-14 12:31:31 | DEBUG    | Shadow analysis saved for forbidden trade
2026-05-14 12:32:01 | INFO     | [CYCLE_70] HOLD | Confidence: 0.632 < 0.712
2026-05-14 12:32:01 | DEBUG    | Shadow analysis saved for forbidden trade
2026-05-14 12:32:31 | INFO     | [CYCLE_71] HOLD | Confidence: 0.634 < 0.712
2026-05-14 12:32:31 | DEBUG    | Shadow analysis saved for forbidden trade
2026-05-14 12:32:31 | INFO     | 
============================================================
2026-05-14 12:32:31 | INFO     | PERIODIC REPORT
2026-05-14 12:32:31 | INFO     | ============================================================
2026-05-14 12:32:31 | INFO     | Balance: 200.00 USDT (Start: 200.00)
2026-05-14 12:32:31 | INFO     | PnL: 0.00 USDT (0.00%)
2026-05-14 12:32:31 | INFO     | Projected Monthly PnL: 0.0%
2026-05-14 12:32:31 | INFO     | Total Signals: 102
2026-05-14 12:32:31 | INFO     | Open Decisions: 0
2026-05-14 12:32:31 | INFO     | Hold Decisions: 102
2026-05-14 12:32:31 | INFO     | Total Trades: 0
2026-05-14 12:32:31 | INFO     | Winning Trades: 0
2026-05-14 12:32:31 | INFO     | Losing Trades: 0
2026-05-14 12:32:31 | INFO     | Winrate: 0.0%
2026-05-14 12:32:31 | INFO     | Shadow Winrate: 100.0%
2026-05-14 12:32:31 | INFO     | Avg Trade PnL: N/A
2026-05-14 12:32:31 | INFO     | ============================================================

2026-05-14 12:33:01 | INFO     | [CYCLE_72] HOLD | Confidence: 0.637 < 0.712
2026-05-14 12:33:01 | DEBUG    | Shadow analysis saved for forbidden trade
2026-05-14 12:33:31 | INFO     | [CYCLE_73] HOLD | Confidence: 0.637 < 0.712
2026-05-14 12:33:31 | DEBUG    | Shadow analysis saved for forbidden trade
2026-05-14 12:34:02 | INFO     | [CYCLE_74] HOLD | Confidence: 0.640 < 0.712
2026-05-14 12:34:02 | DEBUG    | Shadow analysis saved for forbidden trade
2026-05-14 12:34:32 | INFO     | [CYCLE_75] HOLD | Confidence: 0.643 < 0.712
2026-05-14 12:34:32 | DEBUG    | Shadow analysis saved for forbidden trade
2026-05-14 12:35:02 | INFO     | [CYCLE_76] HOLD | Confidence: 0.570 < 0.713
2026-05-14 12:35:02 | DEBUG    | Shadow analysis saved for forbidden trade
